#
# There is insufficient memory for the Java Runtime Environment to continue.
# Native memory allocation (mmap) failed to map 197132288 bytes. Error detail: G1 virtual space
# Possible reasons:
#   The system is out of physical RAM or swap space
#   This process is running with CompressedOops enabled, and the Java Heap may be blocking the growth of the native heap
# Possible solutions:
#   Reduce memory load on the system
#   Increase physical memory or swap space
#   Check if swap backing store is full
#   Decrease Java heap size (-Xmx/-Xms)
#   Decrease number of Java threads
#   Decrease Java thread stack sizes (-Xss)
#   Set larger code cache with -XX:ReservedCodeCacheSize=
#   JVM is running with Zero Based Compressed Oops mode in which the Java heap is
#     placed in the first 32GB address space. The Java Heap base address is the
#     maximum limit for the native heap growth. Please use -XX:HeapBaseMinAddress
#     to set the Java Heap base and to place the Java Heap above 32GB virtual address.
# This output file may be truncated or incomplete.
#
#  Out of Memory Error (os_windows.cpp:3564), pid=8300, tid=25168
#
# JRE version:  (24.0+36) (build )
# Java VM: Java HotSpot(TM) 64-Bit Server VM (24+36-3646, mixed mode, sharing, tiered, compressed oops, compressed class ptrs, g1 gc, windows-amd64)
# No core dump will be written. Minidumps are not enabled by default on client versions of Windows
#

---------------  S U M M A R Y ------------

Command Line: -Dfile.encoding=UTF-8 --module-path=D:\Pemograman Visual\WorldBoxQuest\build\classes model.WorldBoxQuestFrame

Host: AMD Ryzen 7 7435HS                             , 16 cores, 11G,  Windows 11 , 64 bit Build 22621 (10.0.22621.5415)
Time: Mon Jan 12 09:08:20 2026 SE Asia Standard Time elapsed time: 0.013359 seconds (0d 0h 0m 0s)

---------------  T H R E A D  ---------------

Current thread (0x00000220e00ada20):  JavaThread "Unknown thread" [_thread_in_vm, id=25168, stack(0x00000045b7800000,0x00000045b7900000) (1024K)]

Stack: [0x00000045b7800000,0x00000045b7900000]
Native frames: (J=compiled Java code, j=interpreted, Vv=VM code, C=native code)
V  [jvm.dll+0x7308c9]  (no source info available)
V  [jvm.dll+0x8d9ca3]  (no source info available)
V  [jvm.dll+0x8dc13d]  (no source info available)
V  [jvm.dll+0x8dc7b3]  (no source info available)
V  [jvm.dll+0x2aa046]  (no source info available)
V  [jvm.dll+0x72cdf5]  (no source info available)
V  [jvm.dll+0x72091a]  (no source info available)
V  [jvm.dll+0x390d8a]  (no source info available)
V  [jvm.dll+0x398a96]  (no source info available)
V  [jvm.dll+0x3852de]  (no source info available)
V  [jvm.dll+0x385598]  (no source info available)
V  [jvm.dll+0x35d16c]  (no source info available)
V  [jvm.dll+0x35de2d]  (no source info available)
V  [jvm.dll+0x89d41f]  (no source info available)
V  [jvm.dll+0x3f98fd]  (no source info available)
V  [jvm.dll+0x885a76]  (no source info available)
V  [jvm.dll+0x49604e]  (no source info available)
V  [jvm.dll+0x497e21]  (no source info available)
C  [jli.dll+0x52a1]  (no source info available)
C  [ucrtbase.dll+0x29333]  (no source info available)
C  [KERNEL32.DLL+0x1259d]  (no source info available)
C  [ntdll.dll+0x5af78]  (no source info available)

Lock stack of current Java thread (top to bottom):


---------------  P R O C E S S  ---------------

Threads class SMR info:
_java_thread_list=0x00007ffeb58ff318, length=0, elements={
}

Java Threads: ( => current thread )
Total: 0

Other Threads:
  0x00000220e24ed780 WorkerThread "GC Thread#0"                     [id=3288, stack(0x00000045b7900000,0x00000045b7a00000) (1024K)]
  0x00000220e24fe330 ConcurrentGCThread "G1 Main Marker"            [id=24920, stack(0x00000045b7a00000,0x00000045b7b00000) (1024K)]
  0x00000220e24ff5e0 WorkerThread "G1 Conc#0"                       [id=14656, stack(0x00000045b7b00000,0x00000045b7c00000) (1024K)]

[error occurred during error reporting (printing all threads), id 0xc0000005, EXCEPTION_ACCESS_VIOLATION (0xc0000005) at pc=0x00007ffeb503158a]
VM state: not at safepoint (not fully initialized)

VM Mutex/Monitor currently owned by a thread:  ([mutex/lock_event])
[0x00007ffeb59845c0] Heap_lock - owner thread: 0x00000220e00ada20

Heap address: 0x0000000744e00000, size: 2994 MB, Compressed Oops mode: Zero based, Oop shift amount: 3

CDS archive(s) mapped at: [0x0000000000000000-0x0000000000000000-0x0000000000000000), size 0, SharedBaseAddress: 0x0000000800000000, ArchiveRelocationMode: 1.
UseCompressedClassPointers 1, UseCompactObjectHeaders 0
Narrow klass pointer bits 32, Max shift 3
Narrow klass base: 0xffffffffffffffff, Narrow klass shift: -1
Encoding Range: [0xffffffffffffffff - 0x000000007fffffff), (2147483648 bytes)
Klass Range:    [0x0000000000000000 - 0x0000000000000000), (0 bytes)
Klass ID Range:  [4294967295 - 0) (1)

GC Precious Log:
 CardTable entry size: 512
 Card Set container configuration: InlinePtr #cards 4 size 8 Array Of Cards #cards 16 size 48 Howl #buckets 8 coarsen threshold 3686 Howl Bitmap #cards 512 size 80 coarsen threshold 460 Card regions per heap region 1 cards per card region 4096

Heap:
 garbage-first heap   total reserved 3065856K, committed 0K, used 0K [0x0000000744e00000, 0x0000000800000000)
  region size 2048K, 0 young (0K), 0 survivors (0K)

[error occurred during error reporting (printing heap information), id 0xc0000005, EXCEPTION_ACCESS_VIOLATION (0xc0000005) at pc=0x00007ffeb544e579]
GC Heap History (0 events):
No events

Dll operation events (1 events):
Event: 0.010 Loaded shared library C:\Program Files\Java\jdk-24\bin\java.dll

Deoptimization events (0 events):
No events

Classes loaded (0 events):
No events

Classes unloaded (0 events):
No events

Classes redefined (0 events):
No events

Internal exceptions (0 events):
No events

VM Operations (0 events):
No events

Memory protections (0 events):
No events

Nmethod flushes (0 events):
No events

Events (0 events):
No events


Dynamic libraries:
0x00007ff76acc0000 - 0x00007ff76acd0000 	C:\Program Files\Java\jdk-24\bin\java.exe
0x00007fff6b3f0000 - 0x00007fff6b608000 	C:\Windows\SYSTEM32\ntdll.dll
0x00007fff69c70000 - 0x00007fff69d34000 	C:\Windows\System32\KERNEL32.DLL
0x00007fff68620000 - 0x00007fff689f3000 	C:\Windows\System32\KERNELBASE.dll
0x00007fff68a30000 - 0x00007fff68b41000 	C:\Windows\System32\ucrtbase.dll
0x00007fff64730000 - 0x00007fff6474b000 	C:\Program Files\Java\jdk-24\bin\VCRUNTIME140.dll
0x00007fff5f590000 - 0x00007fff5f5a6000 	C:\Program Files\Java\jdk-24\bin\jli.dll
0x00007fff69e60000 - 0x00007fff6a012000 	C:\Windows\System32\USER32.dll
0x00007fff59730000 - 0x00007fff599cc000 	C:\Windows\WinSxS\amd64_microsoft.windows.common-controls_6595b64144ccf1df_6.0.22621.6060_none_2712eda17382d24b\COMCTL32.dll
0x00007fff68a00000 - 0x00007fff68a26000 	C:\Windows\System32\win32u.dll
0x00007fff696e0000 - 0x00007fff69787000 	C:\Windows\System32\msvcrt.dll
0x00007fff6a240000 - 0x00007fff6a269000 	C:\Windows\System32\GDI32.dll
0x00007fff68500000 - 0x00007fff6861b000 	C:\Windows\System32\gdi32full.dll
0x00007fff68bd0000 - 0x00007fff68c6a000 	C:\Windows\System32\msvcp_win.dll
0x00007fff6adf0000 - 0x00007fff6ae21000 	C:\Windows\System32\IMM32.DLL
0x00007fff60260000 - 0x00007fff6026c000 	C:\Program Files\Java\jdk-24\bin\vcruntime140_1.dll
0x00007fff37cd0000 - 0x00007fff37d5e000 	C:\Program Files\Java\jdk-24\bin\msvcp140.dll
0x00007ffeb4cc0000 - 0x00007ffeb5a62000 	C:\Program Files\Java\jdk-24\bin\server\jvm.dll
0x00007fff69da0000 - 0x00007fff69e51000 	C:\Windows\System32\ADVAPI32.dll
0x00007fff69bb0000 - 0x00007fff69c58000 	C:\Windows\System32\sechost.dll
0x00007fff69060000 - 0x00007fff69088000 	C:\Windows\System32\bcrypt.dll
0x00007fff694c0000 - 0x00007fff695d8000 	C:\Windows\System32\RPCRT4.dll
0x00007fff69790000 - 0x00007fff69801000 	C:\Windows\System32\WS2_32.dll
0x00007fff67310000 - 0x00007fff6735d000 	C:\Windows\SYSTEM32\POWRPROF.dll
0x00007fff63c90000 - 0x00007fff63cc4000 	C:\Windows\SYSTEM32\WINMM.dll
0x00007fff642b0000 - 0x00007fff642ba000 	C:\Windows\SYSTEM32\VERSION.dll
0x00007fff672f0000 - 0x00007fff67303000 	C:\Windows\SYSTEM32\UMPDC.dll
0x00007fff67590000 - 0x00007fff675a8000 	C:\Windows\SYSTEM32\kernel.appcore.dll
0x00007fff5f0e0000 - 0x00007fff5f0ea000 	C:\Program Files\Java\jdk-24\bin\jimage.dll
0x00007fff60f50000 - 0x00007fff61183000 	C:\Windows\SYSTEM32\DBGHELP.DLL
0x00007fff69120000 - 0x00007fff694b1000 	C:\Windows\System32\combase.dll
0x00007fff6ae30000 - 0x00007fff6af08000 	C:\Windows\System32\OLEAUT32.dll
0x00007fff60f10000 - 0x00007fff60f42000 	C:\Windows\SYSTEM32\dbgcore.DLL
0x00007fff68b50000 - 0x00007fff68bcb000 	C:\Windows\System32\bcryptPrimitives.dll
0x00007fff48570000 - 0x00007fff4858e000 	C:\Program Files\Java\jdk-24\bin\java.dll
0x00007fff6a020000 - 0x00007fff6a1c1000 	C:\Windows\System32\ole32.dll
0x00007fff6a270000 - 0x00007fff6ab0c000 	C:\Windows\System32\SHELL32.dll
0x00007fff68c70000 - 0x00007fff68daf000 	C:\Windows\System32\wintypes.dll

dbghelp: loaded successfully - version: 4.0.5 - missing functions: none
symbol engine: initialized successfully - sym options: 0x614 - pdb path: .;C:\Program Files\Java\jdk-24\bin;C:\Windows\SYSTEM32;C:\Windows\WinSxS\amd64_microsoft.windows.common-controls_6595b64144ccf1df_6.0.22621.6060_none_2712eda17382d24b;C:\Program Files\Java\jdk-24\bin\server

VM Arguments:
jvm_args: -Dfile.encoding=UTF-8 --module-path=D:\Pemograman Visual\WorldBoxQuest\build\classes 
java_command: model.WorldBoxQuestFrame
java_class_path (initial): D:\Pemograman Visual\WorldBoxQuest\build\classes
Launcher Type: SUN_STANDARD

[Global flags]
     intx CICompilerCount                          = 12                                        {product} {ergonomic}
     uint ConcGCThreads                            = 3                                         {product} {ergonomic}
     uint G1ConcRefinementThreads                  = 13                                        {product} {ergonomic}
   size_t G1HeapRegionSize                         = 2097152                                   {product} {ergonomic}
   size_t InitialHeapSize                          = 197132288                                 {product} {ergonomic}
   size_t MarkStackSize                            = 4194304                                   {product} {ergonomic}
   size_t MarkStackSizeMax                         = 536870912                                 {product} {ergonomic}
   size_t MaxHeapSize                              = 3139436544                                {product} {ergonomic}
   size_t MinHeapDeltaBytes                        = 2097152                                   {product} {ergonomic}
   size_t MinHeapSize                              = 8388608                                   {product} {ergonomic}
    uintx NonNMethodCodeHeapSize                   = 7602176                                {pd product} {ergonomic}
    uintx NonProfiledCodeHeapSize                  = 122093568                              {pd product} {ergonomic}
    uintx ProfiledCodeHeapSize                     = 121962496                              {pd product} {ergonomic}
    uintx ReservedCodeCacheSize                    = 251658240                              {pd product} {ergonomic}
     bool SegmentedCodeCache                       = true                                      {product} {ergonomic}
   size_t SoftMaxHeapSize                          = 3139436544                             {manageable} {ergonomic}
     bool UseCompressedOops                        = true                           {product lp64_product} {ergonomic}
     bool UseG1GC                                  = true                                      {product} {ergonomic}
     bool UseLargePagesIndividualAllocation        = false                                  {pd product} {ergonomic}

Logging:
Log output configuration:
 #0: stdout all=warning uptime,level,tags foldmultilines=false
 #1: stderr all=off uptime,level,tags foldmultilines=false

Environment Variables:
PATH=C:\Program Files\Common Files\Oracle\Java\javapath;C:\Program Files (x86)\Common Files\Oracle\Java\java8path;C:\Program Files (x86)\Common Files\Oracle\Java\javapath;C:\Windows\system32;C:\Windows;C:\Windows\System32\Wbem;C:\Windows\System32\WindowsPowerShell\v1.0\;C:\Windows\System32\OpenSSH\;C:\Program Files (x86)\NVIDIA Corporation\PhysX\Common;C:\Program Files\NVIDIA Corporation\NVIDIA NvDLISR;C:\Users\Lenovo\AppData\Local\Programs\Python\Python313;C:\Program Files\Java\jdk-24;C:\Program Files\MATLAB\R2025a\runtime\win64;C:\Program Files\MATLAB\R2025a\bin;C:\Program Files\MySQL\MySQL Shell 8.0\bin\;C:\Users\Lenovo\AppData\Local\Programs\Python\Launcher\;C:\Users\Lenovo\AppData\Local\Microsoft\WindowsApps;C:\Users\Lenovo\AppData\Local\Programs\Microsoft VS Code\bin;C:\Users\Lenovo\AppData\Roaming\Microsoft\Windows\Start Menu\Programs\Python 3.13;C:\Users\Lenovo\AppData\Roaming\Microsoft\Windows\Start Menu\Programs\Python 3.13\Scripts\;C:\Users\Lenovo\AppData\Local\Programs\Python\Python313;C:\Program Files\Java\jdk-24;
USERNAME=Lenovo
OS=Windows_NT
PROCESSOR_IDENTIFIER=AMD64 Family 25 Model 68 Stepping 1, AuthenticAMD
TMP=C:\Users\Lenovo\AppData\Local\Temp
TEMP=C:\Users\Lenovo\AppData\Local\Temp




Periodic native trim disabled

---------------  S Y S T E M  ---------------

OS:
 Windows 11 , 64 bit Build 22621 (10.0.22621.5415)
OS uptime: 4 days 0:00 hours
Hyper-V role detected

CPU: total 16 (initial active 16) (16 cores per cpu, 2 threads per core) family 25 model 68 stepping 1 microcode 0x0, cx8, cmov, fxsr, ht, mmx, 3dnowpref, sse, sse2, sse3, ssse3, sse4a, sse4.1, sse4.2, popcnt, lzcnt, tsc, tscinvbit, avx, avx2, aes, erms, clmul, bmi1, bmi2, adx, sha, fma, vzeroupper, clflush, clflushopt, hv, rdtscp, rdpid, fsrm, f16c, cet_ss
Processor Information for processor 0
  Max Mhz: 3100, Current Mhz: 2002, Mhz Limit: 3100
Processor Information for processor 1
  Max Mhz: 3100, Current Mhz: 2002, Mhz Limit: 3100
Processor Information for processor 2
  Max Mhz: 3100, Current Mhz: 2002, Mhz Limit: 3100
Processor Information for processor 3
  Max Mhz: 3100, Current Mhz: 2002, Mhz Limit: 3100
Processor Information for processor 4
  Max Mhz: 3100, Current Mhz: 2002, Mhz Limit: 3100
Processor Information for processor 5
  Max Mhz: 3100, Current Mhz: 2002, Mhz Limit: 3100
Processor Information for processor 6
  Max Mhz: 3100, Current Mhz: 2002, Mhz Limit: 3100
Processor Information for processor 7
  Max Mhz: 3100, Current Mhz: 2002, Mhz Limit: 3100
Processor Information for processor 8
  Max Mhz: 3100, Current Mhz: 2002, Mhz Limit: 3100
Processor Information for processor 9
  Max Mhz: 3100, Current Mhz: 2002, Mhz Limit: 3100
Processor Information for processor 10
  Max Mhz: 3100, Current Mhz: 2002, Mhz Limit: 3100
Processor Information for processor 11
  Max Mhz: 3100, Current Mhz: 3100, Mhz Limit: 3100
Processor Information for processor 12
  Max Mhz: 3100, Current Mhz: 2002, Mhz Limit: 3100
Processor Information for processor 13
  Max Mhz: 3100, Current Mhz: 3100, Mhz Limit: 3100
Processor Information for processor 14
  Max Mhz: 3100, Current Mhz: 3100, Mhz Limit: 3100
Processor Information for processor 15
  Max Mhz: 3100, Current Mhz: 2002, Mhz Limit: 3100

Memory: 4k page, system-wide physical 11972M (2114M free)
TotalPageFile size 39349M (AvailPageFile size 160M)
current process WorkingSet (physical memory assigned to process): 12M, peak: 12M
current process commit charge ("private bytes"): 70M, peak: 258M

vm_info: Java HotSpot(TM) 64-Bit Server VM (24+36-3646) for windows-amd64 JRE (24+36-3646), built on 2025-02-06T00:20:43Z with MS VC++ 17.6 (VS2022)

END.
